

%%%%%%%%%%%%%%%%%%%%%%%%%%%%%%%%%%%%%%%%%%%%%%%%%%%%%%%%%%%%%%%%%%%%%%%%%%%%%%%%%%%%%%%%%%


[1;33mðŸš€ Starting Git update at: 19 November 2025 - 05:43:01 PM[0m

[0;32mâ¬‡ï¸ Pulling latest changes...[0m
Already up to date.

[0;32mâž• Adding changes...[0m

[0;32mðŸ’¾ Committing changes...[0m
[main 420e07a] ðŸš€ Update completed at: 19 November 2025 - 05:43:01 PM
 5 files changed, 28 insertions(+)
 mode change 100644 => 100755 .scripts/git_push.sh
 create mode 100755 .scripts/update_log.sh
 create mode 100644 logs/cron.log
 create mode 100644 logs/git_cron.log

[0;32mðŸ“¤ Pushing changes...[0m
To https://github.com/shishirRsiam/Mamar-Bank-Project-Using-Django.git
   31ad061..420e07a  main -> main

[1;33mâœ… Update completed at: 19 November 2025 - 05:43:04 PM[0m


%%%%%%%%%%%%%%%%%%%%%%%%%%%%%%%%%%%%%%%%%%%%%%%%%%%%%%%%%%%%%%%%%%%%%%%%%%%%%%%%%%%%%%%%%%


[1;33mðŸš€ Starting Git update at: 19 November 2025 - 05:44:01 PM[0m

[0;32mâ¬‡ï¸ Pulling latest changes...[0m
Already up to date.

[0;32mâž• Adding changes...[0m

[0;32mðŸ’¾ Committing changes...[0m
[main 75fd702] ðŸš€ Update completed at: 19 November 2025 - 05:44:01 PM
 2 files changed, 26 insertions(+)

[0;32mðŸ“¤ Pushing changes...[0m
To https://github.com/shishirRsiam/Mamar-Bank-Project-Using-Django.git
   420e07a..75fd702  main -> main

[1;33mâœ… Update completed at: 19 November 2025 - 05:44:03 PM[0m


%%%%%%%%%%%%%%%%%%%%%%%%%%%%%%%%%%%%%%%%%%%%%%%%%%%%%%%%%%%%%%%%%%%%%%%%%%%%%%%%%%%%%%%%%%


[1;33mðŸš€ Starting Git update at: 19 November 2025 - 05:45:01 PM[0m

[0;32mâ¬‡ï¸ Pulling latest changes...[0m
Already up to date.

[0;32mâž• Adding changes...[0m

[0;32mðŸ’¾ Committing changes...[0m


%%%%%%%%%%%%%%%%%%%%%%%%%%%%%%%%%%%%%%%%%%%%%%%%%%%%%%%%%%%%%%%%%%%%%%%%%%%%%%%%%%%%%%%%%%


[1;33mðŸš€ Starting Git update at: 21 November 2025 - 12:01:01 AM[0m

[0;32mâ¬‡ï¸ Pulling latest changes...[0m
From https://github.com/shishirRsiam/Mamar-Bank-Project-Using-Django
   db3f34f..8131734  main       -> origin/main
Updating db3f34f..8131734
Fast-forward
 Transactions/tasks.py | 2 +-
 1 file changed, 1 insertion(+), 1 deletion(-)

[0;32mâž• Adding changes...[0m

[0;32mðŸ’¾ Committing changes...[0m
